<?xml version="1.0" encoding="UTF-8"?>
<!-- Generated by org.testng.reporters.JUnitReportReporter -->
<testsuite hostname="Sakti_C" failures="0" tests="2" name="runners.CRMRunner" time="0.254" errors="0" timestamp="2025-04-15T12:59:32 IST" skipped="0">
  <testcase classname="runners.CRMRunner" name="runScenario" time="0.043"/>
  <testcase classname="runners.CRMRunner" name="runScenario" time="0.211"/>
</testsuite> <!-- runners.CRMRunner -->
