<?xml version="1.0" encoding="UTF-8"?>
<!-- Generated by org.testng.reporters.JUnitReportReporter -->
<testsuite hostname="Sakti_C" failures="0" tests="1" name="runners.BookSearchRunner" time="11.564" errors="0" timestamp="2025-04-15T09:03:06 IST" skipped="0">
  <testcase classname="runners.BookSearchRunner" name="runScenario" time="11.564"/>
</testsuite> <!-- runners.BookSearchRunner -->
